2025-11-15 16:05:28 - root - INFO - Sistema de logging configurado correctamente
2025-11-15 16:05:28 - __main__ - INFO - Iniciando sistema de gestión de arriendos
2025-11-15 16:05:36 - conex.conn - INFO - ✅ Conexión a MySQL establecida correctamente
2025-11-15 16:05:36 - conex.conn - INFO - ✅ Base de datos: viaja_seguro
2025-11-15 16:05:36 - dto.dto_user - WARNING - Usuario no encontrado: 12345678-9
2025-11-15 16:05:36 - __main__ - WARNING - Intento de login fallido para: 12345678-9 (intento 1/3)
2025-11-15 16:05:49 - conex.conn - INFO - ✅ Conexión a MySQL establecida correctamente
2025-11-15 16:05:49 - conex.conn - INFO - ✅ Base de datos: viaja_seguro
2025-11-15 16:05:49 - dto.dto_user - WARNING - Usuario no encontrado: 12345678-9
2025-11-15 16:05:49 - __main__ - WARNING - Intento de login fallido para: 12345678-9 (intento 2/3)
2025-11-15 16:05:54 - conex.conn - INFO - ✅ Conexión a MySQL establecida correctamente
2025-11-15 16:05:54 - conex.conn - INFO - ✅ Base de datos: viaja_seguro
2025-11-15 16:05:54 - dto.dto_user - WARNING - Usuario no encontrado: 12345678-9
2025-11-15 16:05:54 - __main__ - WARNING - Intento de login fallido para: 12345678-9 (intento 3/3)
2025-11-15 16:05:54 - __main__ - WARNING - Cuenta bloqueada por múltiples intentos fallidos para: 12345678-9
2025-11-15 16:05:58 - __main__ - INFO - Sistema cerrado por el usuario
2025-11-15 16:22:40 - root - INFO - Sistema de logging configurado correctamente
2025-11-15 16:22:40 - __main__ - INFO - Iniciando sistema de gestión de arriendos
2025-11-15 16:22:50 - conex.conn - INFO - ✅ Conexión a MySQL establecida correctamente
2025-11-15 16:22:50 - conex.conn - INFO - ✅ Base de datos: viaja_seguro
2025-11-15 16:22:50 - dto.dto_user - WARNING - Contraseña incorrecta para usuario: 12345678-9
2025-11-15 16:22:50 - __main__ - WARNING - Intento de login fallido para: 12345678-9 (intento 1/3)
2025-11-15 16:45:06 - root - INFO - Sistema de logging configurado correctamente
2025-11-15 16:45:06 - __main__ - INFO - Iniciando sistema de gestión de arriendos
2025-11-15 16:45:12 - conex.conn - INFO - ✅ Conexión a MySQL establecida correctamente
2025-11-15 16:45:12 - conex.conn - INFO - ✅ Base de datos: viaja_seguro
2025-11-15 16:45:12 - dto.dto_user - WARNING - Contraseña incorrecta para usuario: 12345678-9
2025-11-15 16:45:12 - __main__ - WARNING - Intento de login fallido para: 12345678-9 (intento 1/3)
2025-11-15 16:45:17 - conex.conn - INFO - ✅ Conexión a MySQL establecida correctamente
2025-11-15 16:45:17 - conex.conn - INFO - ✅ Base de datos: viaja_seguro
2025-11-15 16:45:17 - dto.dto_user - WARNING - Contraseña incorrecta para usuario: 12345678-9
2025-11-15 16:45:17 - __main__ - WARNING - Intento de login fallido para: 12345678-9 (intento 2/3)
2025-11-15 16:48:05 - root - INFO - Sistema de logging configurado correctamente
2025-11-15 16:48:05 - __main__ - INFO - Iniciando sistema de gestión de arriendos
2025-11-15 16:48:13 - conex.conn - INFO - ✅ Conexión a MySQL establecida correctamente
2025-11-15 16:48:13 - conex.conn - INFO - ✅ Base de datos: viaja_seguro
2025-11-15 16:48:13 - utils.encoder - ERROR - Error al verificar contraseña: Invalid salt
2025-11-15 16:48:13 - dto.dto_user - WARNING - Contraseña incorrecta para usuario: 12345678-9
2025-11-15 16:48:13 - __main__ - WARNING - Intento de login fallido para: 12345678-9 (intento 1/3)
2025-11-15 16:48:19 - conex.conn - INFO - ✅ Conexión a MySQL establecida correctamente
2025-11-15 16:48:19 - conex.conn - INFO - ✅ Base de datos: viaja_seguro
2025-11-15 16:48:19 - utils.encoder - ERROR - Error al verificar contraseña: Invalid salt
2025-11-15 16:48:19 - dto.dto_user - WARNING - Contraseña incorrecta para usuario: 12345678-9
2025-11-15 16:48:19 - __main__ - WARNING - Intento de login fallido para: 12345678-9 (intento 2/3)
2025-11-15 16:49:02 - conex.conn - INFO - ✅ Conexión a MySQL establecida correctamente
2025-11-15 16:49:02 - conex.conn - INFO - ✅ Base de datos: viaja_seguro
2025-11-15 16:49:02 - utils.encoder - ERROR - Error al verificar contraseña: Invalid salt
2025-11-15 16:49:02 - dto.dto_user - WARNING - Contraseña incorrecta para usuario: 12345678-9
2025-11-15 16:49:02 - __main__ - WARNING - Intento de login fallido para: 12345678-9 (intento 3/3)
2025-11-15 16:49:02 - __main__ - WARNING - Cuenta bloqueada por múltiples intentos fallidos para: 12345678-9
2025-11-15 16:50:47 - root - INFO - Sistema de logging configurado correctamente
2025-11-15 16:50:47 - __main__ - INFO - Iniciando sistema de gestión de arriendos
2025-11-15 16:50:52 - conex.conn - INFO - ✅ Conexión a MySQL establecida correctamente
2025-11-15 16:50:52 - conex.conn - INFO - ✅ Base de datos: viaja_seguro
2025-11-15 16:50:53 - dto.dto_user - INFO - Login exitoso para usuario: Admin Sistema (gerente)
2025-11-15 16:50:53 - __main__ - INFO - Login exitoso para: Admin Sistema
2025-11-15 16:50:53 - controlador.validations - INFO - Sesión iniciada para: Admin Sistema (gerente)
2025-11-15 16:56:23 - controlador.validations - INFO - Acceso a gestión de empleados por: 12345678-9
2025-11-15 16:56:23 - controlador.validations - INFO - Iniciando gestión de empleados
2025-11-15 16:58:32 - controlador.validations - INFO - Saliendo de gestión de empleados
2025-11-15 16:58:33 - controlador.validations - INFO - Acceso a gestión de arriendos por: 12345678-9
2025-11-15 16:58:33 - controlador.validations - INFO - Iniciando gestión de arriendos por: 12345678-9
2025-11-15 16:58:42 - controlador.validations - INFO - Agregando nuevo arriendo
2025-11-15 16:58:42 - conex.conn - INFO - ✅ Conexión a MySQL establecida correctamente
2025-11-15 16:58:42 - conex.conn - INFO - ✅ Base de datos: viaja_seguro
2025-11-15 16:58:52 - conex.conn - INFO - ✅ Conexión a MySQL establecida correctamente
2025-11-15 16:58:52 - conex.conn - INFO - ✅ Base de datos: viaja_seguro
2025-11-15 16:58:52 - __main__ - ERROR - Error durante login: Unknown format code 'f' for object of type 'str'
2025-11-15 16:59:27 - conex.conn - INFO - ✅ Conexión a MySQL establecida correctamente
2025-11-15 16:59:27 - conex.conn - INFO - ✅ Base de datos: viaja_seguro
2025-11-15 16:59:27 - dto.dto_user - WARNING - Usuario no encontrado: 1122333-4
2025-11-15 16:59:27 - __main__ - WARNING - Intento de login fallido para: 1122333-4 (intento 2/3)
2025-11-15 16:59:31 - conex.conn - INFO - ✅ Conexión a MySQL establecida correctamente
2025-11-15 16:59:31 - conex.conn - INFO - ✅ Base de datos: viaja_seguro
2025-11-15 16:59:32 - dto.dto_user - INFO - Login exitoso para usuario: Admin Sistema (gerente)
2025-11-15 16:59:32 - __main__ - INFO - Login exitoso para: Admin Sistema
2025-11-15 16:59:32 - controlador.validations - INFO - Sesión iniciada para: Admin Sistema (gerente)
2025-11-15 16:59:34 - controlador.validations - INFO - Acceso a gestión de arriendos por: 12345678-9
2025-11-15 16:59:34 - controlador.validations - INFO - Iniciando gestión de arriendos por: 12345678-9
2025-11-15 16:59:36 - controlador.validations - INFO - Agregando nuevo arriendo
2025-11-15 16:59:36 - conex.conn - INFO - ✅ Conexión a MySQL establecida correctamente
2025-11-15 16:59:36 - conex.conn - INFO - ✅ Base de datos: viaja_seguro
2025-11-15 16:59:44 - controlador.validations - WARNING - ID de cliente inválido
2025-11-15 16:59:47 - controlador.validations - INFO - Agregando nuevo arriendo
2025-11-15 16:59:47 - conex.conn - INFO - ✅ Conexión a MySQL establecida correctamente
2025-11-15 16:59:47 - conex.conn - INFO - ✅ Base de datos: viaja_seguro
2025-11-15 16:59:50 - conex.conn - INFO - ✅ Conexión a MySQL establecida correctamente
2025-11-15 16:59:50 - conex.conn - INFO - ✅ Base de datos: viaja_seguro
2025-11-15 16:59:50 - __main__ - ERROR - Error durante login: Unknown format code 'f' for object of type 'str'
2025-11-15 16:59:50 - __main__ - WARNING - Cuenta bloqueada por múltiples intentos fallidos para: 12345678-9
2025-11-15 16:59:55 - __main__ - INFO - Sistema cerrado por el usuario
2025-11-15 17:00:00 - root - INFO - Sistema de logging configurado correctamente
2025-11-15 17:00:00 - __main__ - INFO - Iniciando sistema de gestión de arriendos
2025-11-15 17:00:07 - conex.conn - INFO - ✅ Conexión a MySQL establecida correctamente
2025-11-15 17:00:07 - conex.conn - INFO - ✅ Base de datos: viaja_seguro
2025-11-15 17:00:07 - dto.dto_user - INFO - Login exitoso para usuario: Admin Sistema (gerente)
2025-11-15 17:00:07 - __main__ - INFO - Login exitoso para: Admin Sistema
2025-11-15 17:00:07 - controlador.validations - INFO - Sesión iniciada para: Admin Sistema (gerente)
2025-11-15 17:00:09 - controlador.validations - INFO - Acceso a gestión de arriendos por: 12345678-9
2025-11-15 17:00:09 - controlador.validations - INFO - Iniciando gestión de arriendos por: 12345678-9
2025-11-15 17:00:11 - controlador.validations - INFO - Agregando nuevo arriendo
2025-11-15 17:00:11 - conex.conn - INFO - ✅ Conexión a MySQL establecida correctamente
2025-11-15 17:00:11 - conex.conn - INFO - ✅ Base de datos: viaja_seguro
2025-11-15 17:00:15 - conex.conn - INFO - ✅ Conexión a MySQL establecida correctamente
2025-11-15 17:00:15 - conex.conn - INFO - ✅ Base de datos: viaja_seguro
2025-11-15 17:00:15 - __main__ - ERROR - Error durante login: Unknown format code 'f' for object of type 'str'
2025-11-15 17:24:51 - root - INFO - Sistema de logging configurado correctamente
2025-11-15 17:24:51 - __main__ - INFO - Iniciando sistema de gestión de arriendos
2025-11-15 17:25:00 - conex.conn - INFO - ✅ Conexión a MySQL establecida correctamente
2025-11-15 17:25:00 - conex.conn - INFO - ✅ Base de datos: viaja_seguro
2025-11-15 17:25:00 - dto.dto_user - INFO - Login exitoso para usuario: Admin Sistema (gerente)
2025-11-15 17:25:00 - __main__ - INFO - Login exitoso para: Admin Sistema
2025-11-15 17:25:00 - controlador.validations - INFO - Sesión iniciada para: Admin Sistema (gerente)
2025-11-15 17:25:05 - controlador.validations - INFO - Acceso a gestión de arriendos por: 12345678-9
2025-11-15 17:25:05 - controlador.validations - INFO - Iniciando gestión de arriendos por: 12345678-9
2025-11-15 17:25:09 - controlador.validations - INFO - Listando todos los arriendos
2025-11-15 17:25:09 - conex.conn - INFO - ✅ Conexión a MySQL establecida correctamente
2025-11-15 17:25:09 - conex.conn - INFO - ✅ Base de datos: viaja_seguro
2025-11-15 17:25:09 - __main__ - ERROR - Error durante login: unsupported format string passed to NoneType.__format__
2025-11-15 17:25:21 - conex.conn - INFO - ✅ Conexión a MySQL establecida correctamente
2025-11-15 17:25:21 - conex.conn - INFO - ✅ Base de datos: viaja_seguro
2025-11-15 17:25:22 - dto.dto_user - INFO - Login exitoso para usuario: Admin Sistema (gerente)
2025-11-15 17:25:22 - __main__ - INFO - Login exitoso para: Admin Sistema
2025-11-15 17:25:22 - controlador.validations - INFO - Sesión iniciada para: Admin Sistema (gerente)
2025-11-15 17:25:25 - controlador.validations - INFO - Acceso a gestión de arriendos por: 12345678-9
2025-11-15 17:25:25 - controlador.validations - INFO - Iniciando gestión de arriendos por: 12345678-9
2025-11-15 17:25:30 - controlador.validations - INFO - Buscando arriendo
2025-11-15 17:25:32 - conex.conn - INFO - ✅ Conexión a MySQL establecida correctamente
2025-11-15 17:25:32 - conex.conn - INFO - ✅ Base de datos: viaja_seguro
2025-11-15 17:25:32 - __main__ - ERROR - Error durante login: unsupported format string passed to NoneType.__format__
2025-11-15 17:25:42 - conex.conn - INFO - ✅ Conexión a MySQL establecida correctamente
2025-11-15 17:25:42 - conex.conn - INFO - ✅ Base de datos: viaja_seguro
2025-11-15 17:25:43 - dto.dto_user - INFO - Login exitoso para usuario: Admin Sistema (gerente)
2025-11-15 17:25:43 - __main__ - INFO - Login exitoso para: Admin Sistema
2025-11-15 17:25:43 - controlador.validations - INFO - Sesión iniciada para: Admin Sistema (gerente)
2025-11-15 17:25:45 - controlador.validations - INFO - Acceso a gestión de arriendos por: 12345678-9
2025-11-15 17:25:45 - controlador.validations - INFO - Iniciando gestión de arriendos por: 12345678-9
2025-11-15 17:25:49 - controlador.validations - INFO - Listando arriendos por fecha
2025-11-15 17:26:14 - conex.conn - INFO - ✅ Conexión a MySQL establecida correctamente
2025-11-15 17:26:14 - conex.conn - INFO - ✅ Base de datos: viaja_seguro
2025-11-15 17:26:25 - controlador.validations - INFO - Agregando nuevo arriendo
2025-11-15 17:26:25 - conex.conn - INFO - ✅ Conexión a MySQL establecida correctamente
2025-11-15 17:26:25 - conex.conn - INFO - ✅ Base de datos: viaja_seguro
2025-11-15 17:26:27 - conex.conn - INFO - ✅ Conexión a MySQL establecida correctamente
2025-11-15 17:26:27 - conex.conn - INFO - ✅ Base de datos: viaja_seguro
2025-11-15 17:26:27 - __main__ - ERROR - Error durante login: Unknown format code 'f' for object of type 'str'
2025-11-15 17:26:27 - __main__ - WARNING - Cuenta bloqueada por múltiples intentos fallidos para: 12345678-9
2025-11-15 17:32:20 - root - INFO - Sistema de logging configurado correctamente
2025-11-15 17:32:20 - __main__ - INFO - Iniciando sistema de gestión de arriendos
2025-11-15 17:32:29 - conex.conn - INFO - ✅ Conexión a MySQL establecida correctamente
2025-11-15 17:32:29 - conex.conn - INFO - ✅ Base de datos: viaja_seguro
2025-11-15 17:32:29 - dto.dto_user - INFO - Login exitoso para usuario: Admin Sistema (gerente)
2025-11-15 17:32:29 - __main__ - INFO - Login exitoso para: Admin Sistema
2025-11-15 17:32:29 - controlador.validations - INFO - Sesión iniciada para: Admin Sistema (gerente)
2025-11-15 17:32:31 - controlador.validations - INFO - Acceso a gestión de arriendos por: 12345678-9
2025-11-15 17:32:31 - controlador.validations - INFO - Iniciando gestión de arriendos por: 12345678-9
2025-11-15 17:32:33 - controlador.validations - INFO - Agregando nuevo arriendo
2025-11-15 17:32:33 - conex.conn - INFO - ✅ Conexión a MySQL establecida correctamente
2025-11-15 17:32:33 - conex.conn - INFO - ✅ Base de datos: viaja_seguro
2025-11-15 17:32:35 - conex.conn - INFO - ✅ Conexión a MySQL establecida correctamente
2025-11-15 17:32:35 - conex.conn - INFO - ✅ Base de datos: viaja_seguro
2025-11-15 17:32:35 - __main__ - ERROR - Error durante login: Unknown format code 'f' for object of type 'str'
2025-11-15 18:02:55 - root - INFO - Sistema de logging configurado correctamente
2025-11-15 18:02:55 - __main__ - INFO - Iniciando sistema de gestión de arriendos
2025-11-15 18:03:01 - conex.conn - INFO - ✅ Conexión a MySQL establecida correctamente
2025-11-15 18:03:01 - conex.conn - INFO - ✅ Base de datos: viaja_seguro
2025-11-15 18:03:01 - dto.dto_user - INFO - Login exitoso para usuario: Admin Sistema (gerente)
2025-11-15 18:03:01 - __main__ - INFO - Login exitoso para: Admin Sistema
2025-11-15 18:03:01 - controlador.validations - INFO - Sesión iniciada para: Admin Sistema (gerente)
2025-11-15 18:03:09 - controlador.validations - INFO - Acceso a gestión de vehículos por: 12345678-9
2025-11-15 18:03:09 - controlador.validations - INFO - Iniciando gestión de vehículos
2025-11-15 18:03:31 - controlador.validations - INFO - Listando vehículos disponibles
2025-11-15 18:03:31 - conex.conn - INFO - ✅ Conexión a MySQL establecida correctamente
2025-11-15 18:03:31 - conex.conn - INFO - ✅ Base de datos: viaja_seguro
2025-11-15 18:03:31 - __main__ - ERROR - Error durante login: Unknown format code 'f' for object of type 'str'
2025-11-15 18:03:38 - conex.conn - INFO - ✅ Conexión a MySQL establecida correctamente
2025-11-15 18:03:38 - conex.conn - INFO - ✅ Base de datos: viaja_seguro
2025-11-15 18:03:39 - dto.dto_user - INFO - Login exitoso para usuario: Admin Sistema (gerente)
2025-11-15 18:03:39 - __main__ - INFO - Login exitoso para: Admin Sistema
2025-11-15 18:03:39 - controlador.validations - INFO - Sesión iniciada para: Admin Sistema (gerente)
2025-11-15 18:03:41 - controlador.validations - INFO - Acceso a gestión de arriendos por: 12345678-9
2025-11-15 18:03:41 - controlador.validations - INFO - Iniciando gestión de arriendos por: 12345678-9
2025-11-15 18:03:42 - controlador.validations - INFO - Agregando nuevo arriendo
2025-11-15 18:03:42 - conex.conn - INFO - ✅ Conexión a MySQL establecida correctamente
2025-11-15 18:03:42 - conex.conn - INFO - ✅ Base de datos: viaja_seguro
2025-11-15 18:03:43 - conex.conn - INFO - ✅ Conexión a MySQL establecida correctamente
2025-11-15 18:03:43 - conex.conn - INFO - ✅ Base de datos: viaja_seguro
2025-11-15 18:03:43 - __main__ - ERROR - Error durante login: Unknown format code 'f' for object of type 'str'
2025-11-15 18:03:52 - conex.conn - INFO - ✅ Conexión a MySQL establecida correctamente
2025-11-15 18:03:52 - conex.conn - INFO - ✅ Base de datos: viaja_seguro
2025-11-15 18:03:52 - dto.dto_user - INFO - Login exitoso para usuario: Admin Sistema (gerente)
2025-11-15 18:03:52 - __main__ - INFO - Login exitoso para: Admin Sistema
2025-11-15 18:03:52 - controlador.validations - INFO - Sesión iniciada para: Admin Sistema (gerente)
2025-11-15 18:09:17 - root - INFO - Sistema de logging configurado correctamente
2025-11-15 18:09:17 - __main__ - INFO - Iniciando sistema de gestión de arriendos
2025-11-15 18:09:21 - conex.conn - INFO - ✅ Conexión a MySQL establecida correctamente
2025-11-15 18:09:21 - conex.conn - INFO - ✅ Base de datos: viaja_seguro
2025-11-15 18:09:22 - dto.dto_user - INFO - Login exitoso para usuario: Admin Sistema (gerente)
2025-11-15 18:09:22 - __main__ - INFO - Login exitoso para: Admin Sistema
2025-11-15 18:09:22 - controlador.validations - INFO - Sesión iniciada para: Admin Sistema (gerente)
2025-11-15 18:09:24 - controlador.validations - INFO - Acceso a gestión de vehículos por: 12345678-9
2025-11-15 18:09:24 - controlador.validations - INFO - Iniciando gestión de vehículos
2025-11-15 18:09:28 - controlador.validations - INFO - Agregando nuevo vehículo
2025-11-15 18:09:49 - conex.conn - INFO - ✅ Conexión a MySQL establecida correctamente
2025-11-15 18:09:49 - conex.conn - INFO - ✅ Base de datos: viaja_seguro
2025-11-15 18:09:49 - controlador.validations - INFO - Vehículo agregado exitosamente: Hyundai Sex (ABC123)
2025-11-15 18:09:53 - controlador.validations - INFO - Listando todos los vehículos
2025-11-15 18:09:53 - conex.conn - INFO - ✅ Conexión a MySQL establecida correctamente
2025-11-15 18:09:53 - conex.conn - INFO - ✅ Base de datos: viaja_seguro
2025-11-15 18:09:53 - dao.dao_vehiculo - ERROR - Error al listar vehículos: could not convert string to float: 'Verde'
2025-11-15 18:09:59 - controlador.validations - INFO - Listando todos los vehículos
2025-11-15 18:09:59 - conex.conn - INFO - ✅ Conexión a MySQL establecida correctamente
2025-11-15 18:09:59 - conex.conn - INFO - ✅ Base de datos: viaja_seguro
2025-11-15 18:09:59 - dao.dao_vehiculo - ERROR - Error al listar vehículos: could not convert string to float: 'Verde'
2025-11-15 18:10:00 - controlador.validations - INFO - Listando vehículos disponibles
2025-11-15 18:10:00 - conex.conn - INFO - ✅ Conexión a MySQL establecida correctamente
2025-11-15 18:10:00 - conex.conn - INFO - ✅ Base de datos: viaja_seguro
2025-11-15 18:10:00 - __main__ - ERROR - Error durante login: Unknown format code 'f' for object of type 'str'
2025-11-15 18:10:23 - conex.conn - INFO - ✅ Conexión a MySQL establecida correctamente
2025-11-15 18:10:23 - conex.conn - INFO - ✅ Base de datos: viaja_seguro
2025-11-15 18:10:23 - dto.dto_user - WARNING - Usuario no encontrado: 7
2025-11-15 18:10:23 - __main__ - WARNING - Intento de login fallido para: 7 (intento 2/3)
2025-11-15 18:10:28 - conex.conn - INFO - ✅ Conexión a MySQL establecida correctamente
2025-11-15 18:10:28 - conex.conn - INFO - ✅ Base de datos: viaja_seguro
2025-11-15 18:10:28 - dto.dto_user - INFO - Login exitoso para usuario: Admin Sistema (gerente)
2025-11-15 18:10:28 - __main__ - INFO - Login exitoso para: Admin Sistema
2025-11-15 18:10:28 - controlador.validations - INFO - Sesión iniciada para: Admin Sistema (gerente)
2025-11-15 18:10:36 - root - INFO - Sistema de logging configurado correctamente
2025-11-15 18:10:36 - __main__ - INFO - Iniciando sistema de gestión de arriendos
2025-11-15 18:10:40 - conex.conn - INFO - ✅ Conexión a MySQL establecida correctamente
2025-11-15 18:10:40 - conex.conn - INFO - ✅ Base de datos: viaja_seguro
2025-11-15 18:10:41 - dto.dto_user - INFO - Login exitoso para usuario: Admin Sistema (gerente)
2025-11-15 18:10:41 - __main__ - INFO - Login exitoso para: Admin Sistema
2025-11-15 18:10:41 - controlador.validations - INFO - Sesión iniciada para: Admin Sistema (gerente)
2025-11-15 18:10:44 - controlador.validations - INFO - Acceso a gestión de arriendos por: 12345678-9
2025-11-15 18:10:44 - controlador.validations - INFO - Iniciando gestión de arriendos por: 12345678-9
2025-11-15 18:10:47 - controlador.validations - INFO - Listando todos los arriendos
2025-11-15 18:10:47 - conex.conn - INFO - ✅ Conexión a MySQL establecida correctamente
2025-11-15 18:10:47 - conex.conn - INFO - ✅ Base de datos: viaja_seguro
2025-11-15 18:10:47 - __main__ - ERROR - Error durante login: unsupported format string passed to NoneType.__format__
2025-11-15 18:10:54 - conex.conn - INFO - ✅ Conexión a MySQL establecida correctamente
2025-11-15 18:10:54 - conex.conn - INFO - ✅ Base de datos: viaja_seguro
2025-11-15 18:10:54 - dto.dto_user - INFO - Login exitoso para usuario: Admin Sistema (gerente)
2025-11-15 18:10:54 - __main__ - INFO - Login exitoso para: Admin Sistema
2025-11-15 18:10:54 - controlador.validations - INFO - Sesión iniciada para: Admin Sistema (gerente)
2025-11-15 18:10:56 - controlador.validations - INFO - Acceso a gestión de vehículos por: 12345678-9
2025-11-15 18:10:56 - controlador.validations - INFO - Iniciando gestión de vehículos
2025-11-15 18:10:58 - controlador.validations - INFO - Listando vehículos disponibles
2025-11-15 18:10:58 - conex.conn - INFO - ✅ Conexión a MySQL establecida correctamente
2025-11-15 18:10:58 - conex.conn - INFO - ✅ Base de datos: viaja_seguro
2025-11-15 18:10:58 - __main__ - ERROR - Error durante login: Unknown format code 'f' for object of type 'str'
2025-11-15 18:11:03 - conex.conn - INFO - ✅ Conexión a MySQL establecida correctamente
2025-11-15 18:11:03 - conex.conn - INFO - ✅ Base de datos: viaja_seguro
2025-11-15 18:11:03 - dto.dto_user - INFO - Login exitoso para usuario: Admin Sistema (gerente)
2025-11-15 18:11:03 - __main__ - INFO - Login exitoso para: Admin Sistema
2025-11-15 18:11:03 - controlador.validations - INFO - Sesión iniciada para: Admin Sistema (gerente)
2025-11-15 18:11:06 - controlador.validations - INFO - Acceso a gestión de arriendos por: 12345678-9
2025-11-15 18:11:06 - controlador.validations - INFO - Iniciando gestión de arriendos por: 12345678-9
2025-11-15 18:11:11 - controlador.validations - INFO - Agregando nuevo arriendo
2025-11-15 18:11:11 - conex.conn - INFO - ✅ Conexión a MySQL establecida correctamente
2025-11-15 18:11:11 - conex.conn - INFO - ✅ Base de datos: viaja_seguro
2025-11-15 18:11:12 - conex.conn - INFO - ✅ Conexión a MySQL establecida correctamente
2025-11-15 18:11:12 - conex.conn - INFO - ✅ Base de datos: viaja_seguro
2025-11-15 18:11:12 - __main__ - ERROR - Error durante login: Unknown format code 'f' for object of type 'str'
2025-11-15 18:11:12 - __main__ - WARNING - Cuenta bloqueada por múltiples intentos fallidos para: 12345678-9
2025-11-15 18:23:01 - root - INFO - Sistema de logging configurado correctamente
2025-11-15 18:23:01 - __main__ - INFO - Iniciando sistema de gestión de arriendos
2025-11-15 18:23:07 - conex.conn - INFO - ✅ Conexión a MySQL establecida correctamente
2025-11-15 18:23:07 - conex.conn - INFO - ✅ Base de datos: viaja_seguro
2025-11-15 18:23:07 - dto.dto_user - INFO - Login exitoso para usuario: Admin Sistema (gerente)
2025-11-15 18:23:07 - __main__ - INFO - Login exitoso para: Admin Sistema
2025-11-15 18:23:07 - controlador.validations - INFO - Sesión iniciada para: Admin Sistema (gerente)
2025-11-15 18:23:09 - controlador.validations - INFO - Acceso a gestión de vehículos por: 12345678-9
2025-11-15 18:23:09 - controlador.validations - INFO - Iniciando gestión de vehículos
2025-11-15 18:23:13 - controlador.validations - INFO - Listando todos los vehículos
2025-11-15 18:23:13 - conex.conn - INFO - ✅ Conexión a MySQL establecida correctamente
2025-11-15 18:23:13 - conex.conn - INFO - ✅ Base de datos: viaja_seguro
2025-11-15 18:23:13 - dao.dao_vehiculo - ERROR - Error al listar vehículos: could not convert string to float: 'Verde'
2025-11-15 18:23:25 - controlador.validations - INFO - Listando vehículos disponibles
2025-11-15 18:23:25 - conex.conn - INFO - ✅ Conexión a MySQL establecida correctamente
2025-11-15 18:23:25 - conex.conn - INFO - ✅ Base de datos: viaja_seguro
2025-11-15 18:23:25 - __main__ - ERROR - Error durante login: Unknown format code 'f' for object of type 'str'
2025-11-15 18:23:31 - conex.conn - INFO - ✅ Conexión a MySQL establecida correctamente
2025-11-15 18:23:31 - conex.conn - INFO - ✅ Base de datos: viaja_seguro
2025-11-15 18:23:32 - dto.dto_user - INFO - Login exitoso para usuario: Admin Sistema (gerente)
2025-11-15 18:23:32 - __main__ - INFO - Login exitoso para: Admin Sistema
2025-11-15 18:23:32 - controlador.validations - INFO - Sesión iniciada para: Admin Sistema (gerente)
2025-11-15 18:23:36 - controlador.validations - INFO - Acceso a gestión de vehículos por: 12345678-9
2025-11-15 18:23:36 - controlador.validations - INFO - Iniciando gestión de vehículos
2025-11-15 18:23:38 - controlador.validations - INFO - Eliminando vehículo
2025-11-15 18:24:02 - conex.conn - INFO - ✅ Conexión a MySQL establecida correctamente
2025-11-15 18:24:02 - conex.conn - INFO - ✅ Base de datos: viaja_seguro
2025-11-15 18:24:03 - conex.conn - INFO - ✅ Conexión a MySQL establecida correctamente
2025-11-15 18:24:03 - conex.conn - INFO - ✅ Base de datos: viaja_seguro
2025-11-15 18:24:03 - controlador.validations - INFO - Vehículo eliminado exitosamente: ABC123
2025-11-15 18:24:07 - controlador.validations - INFO - Agregando nuevo vehículo
2025-11-15 18:24:29 - conex.conn - INFO - ✅ Conexión a MySQL establecida correctamente
2025-11-15 18:24:29 - conex.conn - INFO - ✅ Base de datos: viaja_seguro
2025-11-15 18:24:29 - controlador.validations - INFO - Vehículo agregado exitosamente: Nigga Racing (ABC123)
2025-11-15 18:25:04 - controlador.validations - INFO - Saliendo de gestión de vehículos
2025-11-15 18:25:08 - controlador.validations - INFO - Acceso a gestión de arriendos por: 12345678-9
2025-11-15 18:25:08 - controlador.validations - INFO - Iniciando gestión de arriendos por: 12345678-9
2025-11-15 18:25:18 - controlador.validations - INFO - Agregando nuevo arriendo
2025-11-15 18:25:18 - conex.conn - INFO - ✅ Conexión a MySQL establecida correctamente
2025-11-15 18:25:18 - conex.conn - INFO - ✅ Base de datos: viaja_seguro
2025-11-15 18:25:20 - conex.conn - INFO - ✅ Conexión a MySQL establecida correctamente
2025-11-15 18:25:20 - conex.conn - INFO - ✅ Base de datos: viaja_seguro
2025-11-15 18:25:20 - __main__ - ERROR - Error durante login: Unknown format code 'f' for object of type 'str'
2025-11-15 18:25:25 - conex.conn - INFO - ✅ Conexión a MySQL establecida correctamente
2025-11-15 18:25:25 - conex.conn - INFO - ✅ Base de datos: viaja_seguro
2025-11-15 18:25:26 - dto.dto_user - INFO - Login exitoso para usuario: Admin Sistema (gerente)
2025-11-15 18:25:26 - __main__ - INFO - Login exitoso para: Admin Sistema
2025-11-15 18:25:26 - controlador.validations - INFO - Sesión iniciada para: Admin Sistema (gerente)
2025-11-15 18:25:27 - controlador.validations - INFO - Acceso a gestión de arriendos por: 12345678-9
2025-11-15 18:25:27 - controlador.validations - INFO - Iniciando gestión de arriendos por: 12345678-9
2025-11-15 18:25:32 - controlador.validations - INFO - Listando todos los arriendos
2025-11-15 18:25:32 - conex.conn - INFO - ✅ Conexión a MySQL establecida correctamente
2025-11-15 18:25:32 - conex.conn - INFO - ✅ Base de datos: viaja_seguro
2025-11-15 18:25:32 - dao.dao_arriendo - ERROR - Error al listar arriendos: could not convert string to float: 'activo'
2025-11-15 18:25:37 - controlador.validations - INFO - Listando arriendos por fecha
2025-11-15 18:25:48 - conex.conn - INFO - ✅ Conexión a MySQL establecida correctamente
2025-11-15 18:25:48 - conex.conn - INFO - ✅ Base de datos: viaja_seguro
2025-11-15 18:37:45 - root - INFO - Sistema de logging configurado correctamente
2025-11-15 18:37:45 - __main__ - INFO - Iniciando sistema de gestión de arriendos
2025-11-15 18:37:52 - conex.conn - INFO - ✅ Conexión a MySQL establecida correctamente
2025-11-15 18:37:52 - conex.conn - INFO - ✅ Base de datos: viaja_seguro
2025-11-15 18:37:52 - dto.dto_user - INFO - Login exitoso para usuario: Admin Sistema (gerente)
2025-11-15 18:37:52 - __main__ - INFO - Login exitoso para: Admin Sistema
2025-11-15 18:37:52 - controlador.validations - INFO - Sesión iniciada para: Admin Sistema (gerente)
2025-11-15 18:37:55 - controlador.validations - INFO - Acceso a gestión de arriendos por: 12345678-9
2025-11-15 18:37:55 - controlador.validations - INFO - Iniciando gestión de arriendos por: 12345678-9
2025-11-15 18:37:57 - controlador.validations - INFO - Agregando nuevo arriendo
2025-11-15 18:37:57 - conex.conn - INFO - ✅ Conexión a MySQL establecida correctamente
2025-11-15 18:37:57 - conex.conn - INFO - ✅ Base de datos: viaja_seguro
2025-11-15 18:37:58 - conex.conn - INFO - ✅ Conexión a MySQL establecida correctamente
2025-11-15 18:37:58 - conex.conn - INFO - ✅ Base de datos: viaja_seguro
2025-11-15 18:38:29 - servicio.indicador_service - INFO - Intentando consultar UF (Intento 1/7): https://mindicador.cl/api/uf/15-11-2025
2025-11-15 18:38:30 - servicio.indicador_service - INFO - UF encontrada para la fecha 2025-11-15: 39643.59
2025-11-15 18:38:30 - conex.conn - INFO - ✅ Conexión a MySQL establecida correctamente
2025-11-15 18:38:30 - conex.conn - INFO - ✅ Base de datos: viaja_seguro
2025-11-15 18:38:37 - conex.conn - INFO - ✅ Conexión a MySQL establecida correctamente
2025-11-15 18:38:37 - conex.conn - INFO - ✅ Base de datos: viaja_seguro
2025-11-15 18:38:37 - conex.conn - INFO - ✅ Conexión a MySQL establecida correctamente
2025-11-15 18:38:37 - conex.conn - INFO - ✅ Base de datos: viaja_seguro
2025-11-15 18:38:37 - controlador.validations - INFO - Arriendo agregado exitosamente: vehículo 6, cliente 3
2025-11-15 18:39:43 - controlador.validations - INFO - Listando todos los arriendos
2025-11-15 18:39:43 - conex.conn - INFO - ✅ Conexión a MySQL establecida correctamente
2025-11-15 18:39:43 - conex.conn - INFO - ✅ Base de datos: viaja_seguro
2025-11-15 18:39:43 - dao.dao_arriendo - ERROR - Error al listar arriendos: could not convert string to float: 'activo'
2025-11-15 18:40:40 - controlador.validations - INFO - Listando arriendos por fecha
2025-11-15 18:40:50 - conex.conn - INFO - ✅ Conexión a MySQL establecida correctamente
2025-11-15 18:40:50 - conex.conn - INFO - ✅ Base de datos: viaja_seguro
2025-11-15 18:41:09 - controlador.validations - INFO - Listando arriendos por fecha
2025-11-15 18:41:14 - conex.conn - INFO - ✅ Conexión a MySQL establecida correctamente
2025-11-15 18:41:14 - conex.conn - INFO - ✅ Base de datos: viaja_seguro
2025-11-15 18:49:55 - root - INFO - Sistema de logging configurado correctamente
2025-11-15 18:49:55 - __main__ - INFO - Iniciando sistema de gestión de arriendos
2025-11-15 18:50:02 - conex.conn - INFO - ✅ Conexión a MySQL establecida correctamente
2025-11-15 18:50:02 - conex.conn - INFO - ✅ Base de datos: viaja_seguro
2025-11-15 18:50:03 - dto.dto_user - INFO - Login exitoso para usuario: Admin Sistema (gerente)
2025-11-15 18:50:03 - __main__ - INFO - Login exitoso para: Admin Sistema
2025-11-15 18:50:03 - controlador.validations - INFO - Sesión iniciada para: Admin Sistema (gerente)
2025-11-15 18:50:05 - controlador.validations - INFO - Acceso a gestión de arriendos por: 12345678-9
2025-11-15 18:50:05 - controlador.validations - INFO - Iniciando gestión de arriendos por: 12345678-9
2025-11-15 18:50:09 - controlador.validations - INFO - Listando todos los arriendos
2025-11-15 18:50:09 - conex.conn - INFO - ✅ Conexión a MySQL establecida correctamente
2025-11-15 18:50:09 - conex.conn - INFO - ✅ Base de datos: viaja_seguro
2025-11-15 18:50:20 - controlador.validations - INFO - Buscando arriendo
2025-11-15 18:50:31 - controlador.validations - WARNING - ID de arriendo inválido
2025-11-15 18:50:41 - controlador.validations - INFO - Buscando arriendo
2025-11-15 18:50:46 - conex.conn - INFO - ✅ Conexión a MySQL establecida correctamente
2025-11-15 18:50:46 - conex.conn - INFO - ✅ Base de datos: viaja_seguro
2025-11-15 18:55:31 - controlador.validations - INFO - Agregando nuevo arriendo
2025-11-15 18:55:31 - conex.conn - INFO - ✅ Conexión a MySQL establecida correctamente
2025-11-15 18:55:31 - conex.conn - INFO - ✅ Base de datos: viaja_seguro
2025-11-15 18:55:36 - conex.conn - INFO - ✅ Conexión a MySQL establecida correctamente
2025-11-15 18:55:36 - conex.conn - INFO - ✅ Base de datos: viaja_seguro
2025-11-15 18:55:51 - servicio.indicador_service - INFO - Intentando consultar UF (Intento 1/7): https://mindicador.cl/api/uf/15-11-2025
2025-11-15 18:55:52 - servicio.indicador_service - INFO - UF encontrada para la fecha 2025-11-15: 39643.59
2025-11-15 18:55:52 - conex.conn - INFO - ✅ Conexión a MySQL establecida correctamente
2025-11-15 18:55:52 - conex.conn - INFO - ✅ Base de datos: viaja_seguro
2025-11-15 19:11:41 - conex.conn - INFO - ✅ Conexión a MySQL establecida correctamente
2025-11-15 19:11:41 - conex.conn - INFO - ✅ Base de datos: viaja_seguro
2025-11-15 19:11:41 - conex.conn - INFO - ✅ Conexión a MySQL establecida correctamente
2025-11-15 19:11:41 - conex.conn - INFO - ✅ Base de datos: viaja_seguro
2025-11-15 19:11:41 - controlador.validations - INFO - Arriendo agregado exitosamente: vehículo 8, cliente 1
2025-11-15 19:17:34 - controlador.validations - INFO - Cancelando arriendo
2025-11-15 19:17:36 - conex.conn - INFO - ✅ Conexión a MySQL establecida correctamente
2025-11-15 19:17:36 - conex.conn - INFO - ✅ Base de datos: viaja_seguro
2025-11-15 19:17:36 - controlador.validations - WARNING - Intento de cancelar arriendo en estado finalizado: 1
2025-11-15 19:17:43 - controlador.validations - INFO - Buscando arriendo
2025-11-15 19:17:43 - controlador.validations - WARNING - ID de arriendo inválido
2025-11-15 19:17:45 - controlador.validations - INFO - Buscando arriendo
2025-11-15 19:17:45 - conex.conn - INFO - ✅ Conexión a MySQL establecida correctamente
2025-11-15 19:17:45 - conex.conn - INFO - ✅ Base de datos: viaja_seguro
2025-11-15 19:33:45 - controlador.validations - INFO - Saliendo de gestión de arriendos
2025-11-15 19:33:49 - controlador.validations - INFO - Acceso a gestión de empleados por: 12345678-9
2025-11-15 19:33:49 - controlador.validations - INFO - Iniciando gestión de empleados
2025-11-15 19:33:51 - controlador.validations - INFO - Iniciando proceso de agregar empleado
2025-11-15 19:34:08 - dto.dto_user - INFO - Agregando nuevo usuario: Charlie Kirk (empleado)
2025-11-15 19:34:09 - conex.conn - INFO - ✅ Conexión a MySQL establecida correctamente
2025-11-15 19:34:09 - conex.conn - INFO - ✅ Base de datos: viaja_seguro
2025-11-15 19:34:09 - controlador.validations - INFO - Empleado agregado exitosamente: Charlie Kirk (11223344-4)
2025-11-15 19:34:11 - controlador.validations - INFO - Buscando empleado
2025-11-15 19:34:15 - conex.conn - INFO - ✅ Conexión a MySQL establecida correctamente
2025-11-15 19:34:15 - conex.conn - INFO - ✅ Base de datos: viaja_seguro
2025-11-15 19:34:27 - controlador.validations - INFO - Actualizando empleado
2025-11-15 19:34:30 - conex.conn - INFO - ✅ Conexión a MySQL establecida correctamente
2025-11-15 19:34:30 - conex.conn - INFO - ✅ Base de datos: viaja_seguro
2025-11-15 19:34:50 - dto.dto_user - INFO - Actualizando usuario: 11223344-4
2025-11-15 19:34:50 - conex.conn - INFO - ✅ Conexión a MySQL establecida correctamente
2025-11-15 19:34:50 - conex.conn - INFO - ✅ Base de datos: viaja_seguro
2025-11-15 19:34:50 - controlador.validations - INFO - Empleado actualizado exitosamente: 11223344-4
2025-11-15 19:38:03 - controlador.validations - INFO - Eliminando empleado
2025-11-15 19:38:06 - conex.conn - INFO - ✅ Conexión a MySQL establecida correctamente
2025-11-15 19:38:06 - conex.conn - INFO - ✅ Base de datos: viaja_seguro
2025-11-15 19:38:10 - controlador.validations - INFO - Eliminando empleado
2025-11-15 19:38:12 - conex.conn - INFO - ✅ Conexión a MySQL establecida correctamente
2025-11-15 19:38:12 - conex.conn - INFO - ✅ Base de datos: viaja_seguro
2025-11-15 19:38:14 - conex.conn - INFO - ✅ Conexión a MySQL establecida correctamente
2025-11-15 19:38:14 - conex.conn - INFO - ✅ Base de datos: viaja_seguro
2025-11-15 19:38:14 - controlador.validations - INFO - Empleado eliminado exitosamente: 11223344-4
2025-11-15 19:38:19 - controlador.validations - INFO - Listando todos los empleados
2025-11-15 19:38:19 - conex.conn - INFO - ✅ Conexión a MySQL establecida correctamente
2025-11-15 19:38:19 - conex.conn - INFO - ✅ Base de datos: viaja_seguro
2025-11-15 19:38:22 - controlador.validations - INFO - Saliendo de gestión de empleados
2025-11-15 19:38:28 - controlador.validations - INFO - Acceso a gestión de vehículos por: 12345678-9
2025-11-15 19:38:28 - controlador.validations - INFO - Iniciando gestión de vehículos
2025-11-15 19:38:30 - controlador.validations - INFO - Agregando nuevo vehículo
2025-11-15 19:39:04 - conex.conn - INFO - ✅ Conexión a MySQL establecida correctamente
2025-11-15 19:39:04 - conex.conn - INFO - ✅ Base de datos: viaja_seguro
2025-11-15 19:39:04 - dao.dao_vehiculo - ERROR - Error al agregar vehículo: (1062, "Duplicate entry 'ABC123' for key 'patente'")
2025-11-15 19:39:04 - controlador.validations - ERROR - Error al agregar vehículo: ABC123
2025-11-15 19:39:17 - controlador.validations - INFO - Listando todos los vehículos
2025-11-15 19:39:17 - conex.conn - INFO - ✅ Conexión a MySQL establecida correctamente
2025-11-15 19:39:17 - conex.conn - INFO - ✅ Base de datos: viaja_seguro
2025-11-15 19:39:24 - controlador.validations - INFO - Listando vehículos disponibles
2025-11-15 19:39:24 - conex.conn - INFO - ✅ Conexión a MySQL establecida correctamente
2025-11-15 19:39:24 - conex.conn - INFO - ✅ Base de datos: viaja_seguro
2025-11-15 19:39:49 - controlador.validations - INFO - Saliendo de gestión de vehículos
2025-11-15 19:39:51 - controlador.validations - INFO - Acceso a gestión de arriendos por: 12345678-9
2025-11-15 19:39:51 - controlador.validations - INFO - Iniciando gestión de arriendos por: 12345678-9
2025-11-15 19:39:53 - controlador.validations - INFO - Agregando nuevo arriendo
2025-11-15 19:39:53 - conex.conn - INFO - ✅ Conexión a MySQL establecida correctamente
2025-11-15 19:39:53 - conex.conn - INFO - ✅ Base de datos: viaja_seguro
2025-11-15 19:39:56 - conex.conn - INFO - ✅ Conexión a MySQL establecida correctamente
2025-11-15 19:39:56 - conex.conn - INFO - ✅ Base de datos: viaja_seguro
2025-11-15 19:40:13 - servicio.indicador_service - INFO - Intentando consultar UF (Intento 1/7): https://mindicador.cl/api/uf/15-11-2025
2025-11-15 19:40:13 - servicio.indicador_service - INFO - UF encontrada para la fecha 2025-11-15: 39643.59
2025-11-15 19:40:13 - conex.conn - INFO - ✅ Conexión a MySQL establecida correctamente
2025-11-15 19:40:13 - conex.conn - INFO - ✅ Base de datos: viaja_seguro
2025-11-15 19:40:22 - controlador.validations - WARNING - Opción inválida en gestión de arriendos: s
2025-11-15 19:40:27 - controlador.validations - INFO - Listando todos los arriendos
2025-11-15 19:40:27 - conex.conn - INFO - ✅ Conexión a MySQL establecida correctamente
2025-11-15 19:40:27 - conex.conn - INFO - ✅ Base de datos: viaja_seguro
2025-11-15 19:40:55 - controlador.validations - INFO - Cancelando arriendo
2025-11-15 19:40:58 - conex.conn - INFO - ✅ Conexión a MySQL establecida correctamente
2025-11-15 19:40:58 - conex.conn - INFO - ✅ Base de datos: viaja_seguro
2025-11-15 19:40:58 - controlador.validations - WARNING - Intento de cancelar arriendo en estado finalizado: 1
2025-11-15 19:41:06 - controlador.validations - INFO - Buscando arriendo
2025-11-15 19:41:06 - conex.conn - INFO - ✅ Conexión a MySQL establecida correctamente
2025-11-15 19:41:06 - conex.conn - INFO - ✅ Base de datos: viaja_seguro
